   0.000 2018-04-10 10:24:56; Factorio 0.16.36 (build 36253, mac, steam)
   0.000 Operating system: macOS 10.12.6
   0.000 Program arguments: "/Users/mquezada/Library/Application Support/Steam/steamapps/common/Factorio/factorio.app" 
   0.000 Read data path: /Users/mquezada/Library/Application Support/Steam/steamapps/common/Factorio/factorio.app/Contents/data
   0.000 Write data path: /Users/mquezada/Library/Application Support/factorio [373713/475844MB]
   0.000 Binaries path: /Users/mquezada/Library/Application Support/Steam/steamapps/common
   0.014 System info: [CPU: Intel(R) Core(TM) i7-6567U CPU @ 3.30GHz, 4 cores, RAM: 16384 MB]
   0.021 Display options: [FullScreen: 1] [VSync: 1] [UIScale: system (100.0%)] [MultiSampling: OFF] [Screen: 255] [Lang: es-ES]
   0.021 Available display adapters: 1
   0.021  [0]: resolution 1440x900px at [0,0]
   0.021 Create display on adapter 0. Size 1280x720 at position [70, 72].
   0.458 Initialised OpenGL:[0] Intel(R) Iris(TM) Graphics 550; driver: 2.1 INTEL-10.25.19
   0.458   Dedicated video memory size 1536 MB
   0.728 Graphics settings preset: high
   0.729 Graphics options: [Graphics quality: normal] [Video memory usage: high] [Light scale: 25%] [DXT: false] [Shader: 1]
   0.729                   [Parallel sprite loading: 1] [Max texture size: 0/8192] [Bmp cache: 0] [Sprite slicing: 1] [Low quality rotation: 0]
   0.803 Error GlobalModSettings.cpp:107: Failed to migrate mod settings file: Error when opening /Users/mquezada/Library/Application Support/factorio/mods/mod-settings.json for reading: No such file or directory
   0.804 Loading mod core 0.0.0 (data.lua)
   0.827 Loading mod base 0.16.36 (data.lua)
   0.961 Loading mod ModuleInserter 3.0.1 (data.lua)
   1.011 Loading mod AfraidOfTheDark 1.0.20 (data.lua)
   1.053 Loading mod upgrade-planner 1.5.2 (data.lua)
   1.093 Loading mod base 0.16.36 (data-updates.lua)
   1.170 Loading mod AfraidOfTheDark 1.0.20 (data-updates.lua)
   1.235 Loading mod ModuleInserter 3.0.1 (data-final-fixes.lua)
   1.298 Checksum for core: 1316978547
   1.298 Checksum of base: 4140083139
   1.298 Checksum of ModuleInserter: 208905385
   1.298 Checksum of AfraidOfTheDark: 3127716310
   1.298 Checksum of upgrade-planner: 378958687
   1.421 Loading sounds...
   1.858 Info PlayerData.cpp:67: Local player-data.json unavailable
   1.858 Info PlayerData.cpp:70: Cloud player-data.json available, timestamp 1523305025
   1.952 Loaded shader file /Users/mquezada/Library/Application Support/Steam/steamapps/common/Factorio/factorio.app/Contents/data/core/graphics/shaders/game.glsl
   1.954 Loaded shader file /Users/mquezada/Library/Application Support/Steam/steamapps/common/Factorio/factorio.app/Contents/data/core/graphics/shaders/zoom-to-world.glsl
   1.956 Loaded shader file /Users/mquezada/Library/Application Support/Steam/steamapps/common/Factorio/factorio.app/Contents/data/core/graphics/shaders/alpha-mask.glsl
   1.979 Initial atlas bitmap size is 16384
   1.982 Created atlas bitmap 16384x5940 [none]
   1.982 Created atlas bitmap 16384x847 [shadow]
   1.982 Created atlas bitmap 16384x682 [decal]
   1.982 Created atlas bitmap 8192x1500 [mipmap]
   1.982 Created atlas bitmap 8192x800 [mipmap, smoke]
   1.983 Created atlas bitmap 8192x2376 [linear-minification, mipmap, terrain]
   1.983 Created atlas bitmap 8192x1036 [no-crop, trilinear-filtering, icon, light]
   1.983 Created atlas bitmap 8192x238 [alpha-mask]
  10.246 Sprites loaded
  10.246 Convert atlas 8192x1500 to: mipmap 
  10.467 Convert atlas 8192x800 to: mipmap 
  10.570 Convert atlas 8192x2376 to: min-linear 
  11.148 Convert atlas 8192x1036 to: trilinear-filtering 
  11.365 Convert atlas 8192x238 to: alpha-mask
  11.412 Custom inputs active: 2
  11.464 Factorio initialised
  16.100 Loading map /Users/mquezada/Library/Application Support/factorio/saves/_autosave2.zip: 5098506 bytes.
  16.129 Loading Level.dat: 10819418 bytes.
  16.135 Info Scenario.cpp:136: Map version 0.16.36-2
  16.519 Loading script.dat: 1436 bytes.
  16.526 Checksum for script /Users/mquezada/Library/Application Support/factorio/temp/currently-playing/control.lua: 55817070
  16.532 Checksum for script __ModuleInserter__/control.lua: 3707042299
  16.535 Checksum for script __AfraidOfTheDark__/control.lua: 2322376383
  16.539 Checksum for script __upgrade-planner__/control.lua: 954781066
 316.603 Info AppManager.cpp:260: Saving to _autosave3 (blocking).
 317.077 Info AppManagerStates.cpp:1642: Saving finished
 618.487 Info AppManager.cpp:260: Saving to _autosave1 (blocking).
 618.932 Info AppManagerStates.cpp:1642: Saving finished
 786.026 Info AppManagerStates.cpp:1642: Saving finished
 788.448 Info GlobalContext.cpp:694: Waiting for child processes to exit: 
 788.946 Steam API shutdown.
 788.949 Goodbye
